Determining if the pthread_create exist failed with the following output:
Change Dir: /home/jack/Documents/VO/cmake-build-debug/CMakeFiles/CMakeTmp

Run Build Command:"/usr/bin/make" "cmTC_5da2f/fast"
/usr/bin/make -f CMakeFiles/cmTC_5da2f.dir/build.make CMakeFiles/cmTC_5da2f.dir/build
make[1]: Entering directory '/home/jack/Documents/VO/cmake-build-debug/CMakeFiles/CMakeTmp'
Building C object CMakeFiles/cmTC_5da2f.dir/CheckSymbolExists.c.o
/usr/bin/cc    -o CMakeFiles/cmTC_5da2f.dir/CheckSymbolExists.c.o   -c /home/jack/Documents/VO/cmake-build-debug/CMakeFiles/CMakeTmp/CheckSymbolExists.c
Linking C executable cmTC_5da2f
/home/jack/Downloads/clion-2018.3.1/bin/cmake/linux/bin/cmake -E cmake_link_script CMakeFiles/cmTC_5da2f.dir/link.txt --verbose=1
/usr/bin/cc      CMakeFiles/cmTC_5da2f.dir/CheckSymbolExists.c.o  -o cmTC_5da2f 
CMakeFiles/cmTC_5da2f.dir/CheckSymbolExists.c.o: In function `main':
CheckSymbolExists.c:(.text+0x16): undefined reference to `pthread_create'
collect2: error: ld returned 1 exit status
CMakeFiles/cmTC_5da2f.dir/build.make:86: recipe for target 'cmTC_5da2f' failed
make[1]: *** [cmTC_5da2f] Error 1
make[1]: Leaving directory '/home/jack/Documents/VO/cmake-build-debug/CMakeFiles/CMakeTmp'
Makefile:121: recipe for target 'cmTC_5da2f/fast' failed
make: *** [cmTC_5da2f/fast] Error 2

File /home/jack/Documents/VO/cmake-build-debug/CMakeFiles/CMakeTmp/CheckSymbolExists.c:
/* */
#include <pthread.h>

int main(int argc, char** argv)
{
  (void)argv;
#ifndef pthread_create
  return ((int*)(&pthread_create))[argc];
#else
  (void)argc;
  return 0;
#endif
}

Determining if the function pthread_create exists in the pthreads failed with the following output:
Change Dir: /home/jack/Documents/VO/cmake-build-debug/CMakeFiles/CMakeTmp

Run Build Command:"/usr/bin/make" "cmTC_08f2f/fast"
/usr/bin/make -f CMakeFiles/cmTC_08f2f.dir/build.make CMakeFiles/cmTC_08f2f.dir/build
make[1]: Entering directory '/home/jack/Documents/VO/cmake-build-debug/CMakeFiles/CMakeTmp'
Building C object CMakeFiles/cmTC_08f2f.dir/CheckFunctionExists.c.o
/usr/bin/cc   -DCHECK_FUNCTION_EXISTS=pthread_create   -o CMakeFiles/cmTC_08f2f.dir/CheckFunctionExists.c.o   -c /home/jack/Downloads/clion-2018.3.1/bin/cmake/linux/share/cmake-3.13/Modules/CheckFunctionExists.c
Linking C executable cmTC_08f2f
/home/jack/Downloads/clion-2018.3.1/bin/cmake/linux/bin/cmake -E cmake_link_script CMakeFiles/cmTC_08f2f.dir/link.txt --verbose=1
/usr/bin/cc  -DCHECK_FUNCTION_EXISTS=pthread_create    CMakeFiles/cmTC_08f2f.dir/CheckFunctionExists.c.o  -o cmTC_08f2f -lpthreads 
/usr/bin/ld: cannot find -lpthreads
collect2: error: ld returned 1 exit status
CMakeFiles/cmTC_08f2f.dir/build.make:86: recipe for target 'cmTC_08f2f' failed
make[1]: *** [cmTC_08f2f] Error 1
make[1]: Leaving directory '/home/jack/Documents/VO/cmake-build-debug/CMakeFiles/CMakeTmp'
Makefile:121: recipe for target 'cmTC_08f2f/fast' failed
make: *** [cmTC_08f2f/fast] Error 2


